{"/home/rsachenko/Projects/Work/DA-14/test_twilio_verification_api/app/shared/config.service.js": {"path":"/home/rsachenko/Projects/Work/DA-14/test_twilio_verification_api/app/shared/config.service.js","statementMap":{"0":{"start":{"line":1,"column":15},"end":{"line":9,"column":1}},"1":{"start":{"line":11,"column":0},"end":{"line":18,"column":2}},"2":{"start":{"line":13,"column":4},"end":{"line":15,"column":5}},"3":{"start":{"line":14,"column":6},"end":{"line":14,"column":25}},"4":{"start":{"line":16,"column":4},"end":{"line":16,"column":21}}},"fnMap":{"0":{"name":"(anonymous_0)","decl":{"start":{"line":12,"column":2},"end":{"line":12,"column":3}},"loc":{"start":{"line":12,"column":16},"end":{"line":17,"column":3}},"line":12}},"branchMap":{"0":{"loc":{"start":{"line":2,"column":11},"end":{"line":2,"column":35}},"type":"binary-expr","locations":[{"start":{"line":2,"column":11},"end":{"line":2,"column":27}},{"start":{"line":2,"column":31},"end":{"line":2,"column":35}}],"line":2},"1":{"loc":{"start":{"line":3,"column":10},"end":{"line":3,"column":47}},"type":"binary-expr","locations":[{"start":{"line":3,"column":10},"end":{"line":3,"column":30}},{"start":{"line":3,"column":34},"end":{"line":3,"column":47}}],"line":3},"2":{"loc":{"start":{"line":4,"column":24},"end":{"line":4,"column":110}},"type":"cond-expr","locations":[{"start":{"line":4,"column":58},"end":{"line":4,"column":103}},{"start":{"line":4,"column":106},"end":{"line":4,"column":110}}],"line":4},"3":{"loc":{"start":{"line":13,"column":4},"end":{"line":15,"column":5}},"type":"if","locations":[{"start":{"line":13,"column":4},"end":{"line":15,"column":5}},{"start":{"line":13,"column":4},"end":{"line":15,"column":5}}],"line":13}},"s":{"0":3,"1":3,"2":0,"3":0,"4":0},"f":{"0":0},"b":{"0":[3,3],"1":[3,0],"2":[0,3],"3":[0,0]},"_coverageSchema":"43e27e138ebf9cfc5966b082cf9a028302ed4184","hash":"90e17bfdb876f48724c76bac6e9934285a7d6bea"}
,"/home/rsachenko/Projects/Work/DA-14/test_twilio_verification_api/app/shared/db.service.js": {"path":"/home/rsachenko/Projects/Work/DA-14/test_twilio_verification_api/app/shared/db.service.js","statementMap":{"0":{"start":{"line":5,"column":26},"end":{"line":5,"column":45}},"1":{"start":{"line":7,"column":0},"end":{"line":55,"column":2}},"2":{"start":{"line":9,"column":4},"end":{"line":9,"column":41}},"3":{"start":{"line":10,"column":4},"end":{"line":10,"column":46}},"4":{"start":{"line":11,"column":4},"end":{"line":11,"column":28}},"5":{"start":{"line":12,"column":4},"end":{"line":12,"column":28}},"6":{"start":{"line":14,"column":4},"end":{"line":16,"column":5}},"7":{"start":{"line":15,"column":6},"end":{"line":15,"column":69}},"8":{"start":{"line":20,"column":4},"end":{"line":20,"column":42}},"9":{"start":{"line":24,"column":4},"end":{"line":24,"column":42}},"10":{"start":{"line":28,"column":4},"end":{"line":28,"column":61}},"11":{"start":{"line":32,"column":4},"end":{"line":32,"column":47}},"12":{"start":{"line":33,"column":4},"end":{"line":33,"column":54}},"13":{"start":{"line":38,"column":4},"end":{"line":40,"column":5}},"14":{"start":{"line":39,"column":6},"end":{"line":39,"column":49}},"15":{"start":{"line":41,"column":4},"end":{"line":41,"column":36}},"16":{"start":{"line":45,"column":4},"end":{"line":45,"column":55}},"17":{"start":{"line":49,"column":4},"end":{"line":53,"column":7}}},"fnMap":{"0":{"name":"(anonymous_0)","decl":{"start":{"line":8,"column":2},"end":{"line":8,"column":3}},"loc":{"start":{"line":8,"column":23},"end":{"line":17,"column":3}},"line":8},"1":{"name":"(anonymous_1)","decl":{"start":{"line":19,"column":2},"end":{"line":19,"column":3}},"loc":{"start":{"line":19,"column":24},"end":{"line":21,"column":3}},"line":19},"2":{"name":"(anonymous_2)","decl":{"start":{"line":23,"column":2},"end":{"line":23,"column":3}},"loc":{"start":{"line":23,"column":26},"end":{"line":25,"column":3}},"line":23},"3":{"name":"(anonymous_3)","decl":{"start":{"line":27,"column":2},"end":{"line":27,"column":3}},"loc":{"start":{"line":27,"column":43},"end":{"line":29,"column":3}},"line":27},"4":{"name":"(anonymous_4)","decl":{"start":{"line":31,"column":2},"end":{"line":31,"column":3}},"loc":{"start":{"line":31,"column":40},"end":{"line":34,"column":3}},"line":31},"5":{"name":"(anonymous_5)","decl":{"start":{"line":37,"column":2},"end":{"line":37,"column":3}},"loc":{"start":{"line":37,"column":27},"end":{"line":42,"column":3}},"line":37},"6":{"name":"(anonymous_6)","decl":{"start":{"line":44,"column":2},"end":{"line":44,"column":3}},"loc":{"start":{"line":44,"column":24},"end":{"line":46,"column":3}},"line":44},"7":{"name":"(anonymous_7)","decl":{"start":{"line":48,"column":2},"end":{"line":48,"column":3}},"loc":{"start":{"line":48,"column":12},"end":{"line":54,"column":3}},"line":48}},"branchMap":{"0":{"loc":{"start":{"line":14,"column":4},"end":{"line":16,"column":5}},"type":"if","locations":[{"start":{"line":14,"column":4},"end":{"line":16,"column":5}},{"start":{"line":14,"column":4},"end":{"line":16,"column":5}}],"line":14},"1":{"loc":{"start":{"line":14,"column":10},"end":{"line":14,"column":57}},"type":"binary-expr","locations":[{"start":{"line":14,"column":10},"end":{"line":14,"column":23}},{"start":{"line":14,"column":27},"end":{"line":14,"column":57}}],"line":14},"2":{"loc":{"start":{"line":38,"column":4},"end":{"line":40,"column":5}},"type":"if","locations":[{"start":{"line":38,"column":4},"end":{"line":40,"column":5}},{"start":{"line":38,"column":4},"end":{"line":40,"column":5}}],"line":38}},"s":{"0":2,"1":2,"2":0,"3":0,"4":0,"5":0,"6":0,"7":0,"8":0,"9":0,"10":0,"11":0,"12":0,"13":0,"14":0,"15":0,"16":0,"17":0},"f":{"0":0,"1":0,"2":0,"3":0,"4":0,"5":0,"6":0,"7":0},"b":{"0":[0,0],"1":[0,0],"2":[0,0]},"_coverageSchema":"43e27e138ebf9cfc5966b082cf9a028302ed4184","hash":"2698f97531b69d4b32e489044b36415abfeb8011"}
,"/home/rsachenko/Projects/Work/DA-14/test_twilio_verification_api/app/shared/dbModel.service.js": {"path":"/home/rsachenko/Projects/Work/DA-14/test_twilio_verification_api/app/shared/dbModel.service.js","statementMap":{"0":{"start":{"line":1,"column":18},"end":{"line":1,"column":41}},"1":{"start":{"line":3,"column":0},"end":{"line":81,"column":2}},"2":{"start":{"line":5,"column":4},"end":{"line":7,"column":5}},"3":{"start":{"line":6,"column":6},"end":{"line":6,"column":62}},"4":{"start":{"line":9,"column":4},"end":{"line":9,"column":33}},"5":{"start":{"line":10,"column":4},"end":{"line":10,"column":49}},"6":{"start":{"line":11,"column":4},"end":{"line":11,"column":32}},"7":{"start":{"line":12,"column":4},"end":{"line":16,"column":6}},"8":{"start":{"line":20,"column":4},"end":{"line":20,"column":46}},"9":{"start":{"line":24,"column":4},"end":{"line":31,"column":6}},"10":{"start":{"line":35,"column":4},"end":{"line":35,"column":40}},"11":{"start":{"line":39,"column":25},"end":{"line":39,"column":55}},"12":{"start":{"line":40,"column":4},"end":{"line":40,"column":122}},"13":{"start":{"line":44,"column":4},"end":{"line":46,"column":5}},"14":{"start":{"line":45,"column":6},"end":{"line":45,"column":54}},"15":{"start":{"line":48,"column":25},"end":{"line":48,"column":55}},"16":{"start":{"line":50,"column":4},"end":{"line":50,"column":120}},"17":{"start":{"line":55,"column":25},"end":{"line":55,"column":55}},"18":{"start":{"line":57,"column":4},"end":{"line":64,"column":31}},"19":{"start":{"line":68,"column":26},"end":{"line":68,"column":51}},"20":{"start":{"line":69,"column":4},"end":{"line":69,"column":74}},"21":{"start":{"line":73,"column":4},"end":{"line":75,"column":5}},"22":{"start":{"line":74,"column":6},"end":{"line":74,"column":54}},"23":{"start":{"line":77,"column":26},"end":{"line":77,"column":51}},"24":{"start":{"line":79,"column":4},"end":{"line":79,"column":80}}},"fnMap":{"0":{"name":"(anonymous_0)","decl":{"start":{"line":4,"column":2},"end":{"line":4,"column":3}},"loc":{"start":{"line":4,"column":25},"end":{"line":17,"column":3}},"line":4},"1":{"name":"(anonymous_1)","decl":{"start":{"line":19,"column":2},"end":{"line":19,"column":3}},"loc":{"start":{"line":19,"column":28},"end":{"line":21,"column":3}},"line":19},"2":{"name":"(anonymous_2)","decl":{"start":{"line":23,"column":2},"end":{"line":23,"column":3}},"loc":{"start":{"line":23,"column":28},"end":{"line":32,"column":3}},"line":23},"3":{"name":"(anonymous_3)","decl":{"start":{"line":34,"column":2},"end":{"line":34,"column":3}},"loc":{"start":{"line":34,"column":18},"end":{"line":36,"column":3}},"line":34},"4":{"name":"(anonymous_4)","decl":{"start":{"line":38,"column":2},"end":{"line":38,"column":3}},"loc":{"start":{"line":38,"column":31},"end":{"line":41,"column":3}},"line":38},"5":{"name":"(anonymous_5)","decl":{"start":{"line":43,"column":2},"end":{"line":43,"column":3}},"loc":{"start":{"line":43,"column":29},"end":{"line":51,"column":3}},"line":43},"6":{"name":"(anonymous_6)","decl":{"start":{"line":53,"column":2},"end":{"line":53,"column":3}},"loc":{"start":{"line":53,"column":46},"end":{"line":65,"column":3}},"line":53},"7":{"name":"(anonymous_7)","decl":{"start":{"line":67,"column":2},"end":{"line":67,"column":3}},"loc":{"start":{"line":67,"column":54},"end":{"line":70,"column":3}},"line":67},"8":{"name":"(anonymous_8)","decl":{"start":{"line":72,"column":2},"end":{"line":72,"column":3}},"loc":{"start":{"line":72,"column":38},"end":{"line":80,"column":3}},"line":72}},"branchMap":{"0":{"loc":{"start":{"line":5,"column":4},"end":{"line":7,"column":5}},"type":"if","locations":[{"start":{"line":5,"column":4},"end":{"line":7,"column":5}},{"start":{"line":5,"column":4},"end":{"line":7,"column":5}}],"line":5},"1":{"loc":{"start":{"line":25,"column":15},"end":{"line":25,"column":38}},"type":"binary-expr","locations":[{"start":{"line":25,"column":15},"end":{"line":25,"column":22}},{"start":{"line":25,"column":26},"end":{"line":25,"column":38}}],"line":25},"2":{"loc":{"start":{"line":26,"column":14},"end":{"line":26,"column":34}},"type":"binary-expr","locations":[{"start":{"line":26,"column":14},"end":{"line":26,"column":28}},{"start":{"line":26,"column":32},"end":{"line":26,"column":34}}],"line":26},"3":{"loc":{"start":{"line":27,"column":12},"end":{"line":27,"column":56}},"type":"binary-expr","locations":[{"start":{"line":27,"column":12},"end":{"line":27,"column":24}},{"start":{"line":27,"column":28},"end":{"line":27,"column":56}}],"line":27},"4":{"loc":{"start":{"line":28,"column":13},"end":{"line":28,"column":120}},"type":"cond-expr","locations":[{"start":{"line":28,"column":75},"end":{"line":28,"column":88}},{"start":{"line":28,"column":91},"end":{"line":28,"column":120}}],"line":28},"5":{"loc":{"start":{"line":28,"column":14},"end":{"line":28,"column":71}},"type":"binary-expr","locations":[{"start":{"line":28,"column":14},"end":{"line":28,"column":27}},{"start":{"line":28,"column":31},"end":{"line":28,"column":71}}],"line":28},"6":{"loc":{"start":{"line":29,"column":16},"end":{"line":29,"column":38}},"type":"binary-expr","locations":[{"start":{"line":29,"column":16},"end":{"line":29,"column":32}},{"start":{"line":29,"column":36},"end":{"line":29,"column":38}}],"line":29},"7":{"loc":{"start":{"line":30,"column":12},"end":{"line":30,"column":34}},"type":"binary-expr","locations":[{"start":{"line":30,"column":12},"end":{"line":30,"column":24}},{"start":{"line":30,"column":28},"end":{"line":30,"column":34}}],"line":30},"8":{"loc":{"start":{"line":38,"column":17},"end":{"line":38,"column":29}},"type":"default-arg","locations":[{"start":{"line":38,"column":27},"end":{"line":38,"column":29}}],"line":38},"9":{"loc":{"start":{"line":43,"column":15},"end":{"line":43,"column":27}},"type":"default-arg","locations":[{"start":{"line":43,"column":25},"end":{"line":43,"column":27}}],"line":43},"10":{"loc":{"start":{"line":44,"column":4},"end":{"line":46,"column":5}},"type":"if","locations":[{"start":{"line":44,"column":4},"end":{"line":46,"column":5}},{"start":{"line":44,"column":4},"end":{"line":46,"column":5}}],"line":44},"11":{"loc":{"start":{"line":53,"column":11},"end":{"line":53,"column":44}},"type":"default-arg","locations":[{"start":{"line":53,"column":42},"end":{"line":53,"column":44}}],"line":53},"12":{"loc":{"start":{"line":53,"column":13},"end":{"line":53,"column":23}},"type":"default-arg","locations":[{"start":{"line":53,"column":21},"end":{"line":53,"column":23}}],"line":53},"13":{"loc":{"start":{"line":53,"column":25},"end":{"line":53,"column":37}},"type":"default-arg","locations":[{"start":{"line":53,"column":35},"end":{"line":53,"column":37}}],"line":53},"14":{"loc":{"start":{"line":67,"column":26},"end":{"line":67,"column":36}},"type":"default-arg","locations":[{"start":{"line":67,"column":34},"end":{"line":67,"column":36}}],"line":67},"15":{"loc":{"start":{"line":67,"column":38},"end":{"line":67,"column":50}},"type":"default-arg","locations":[{"start":{"line":67,"column":48},"end":{"line":67,"column":50}}],"line":67},"16":{"loc":{"start":{"line":73,"column":4},"end":{"line":75,"column":5}},"type":"if","locations":[{"start":{"line":73,"column":4},"end":{"line":75,"column":5}},{"start":{"line":73,"column":4},"end":{"line":75,"column":5}}],"line":73}},"s":{"0":2,"1":2,"2":0,"3":0,"4":0,"5":0,"6":0,"7":0,"8":0,"9":0,"10":0,"11":0,"12":0,"13":0,"14":0,"15":0,"16":0,"17":0,"18":0,"19":0,"20":0,"21":0,"22":0,"23":0,"24":0},"f":{"0":0,"1":0,"2":0,"3":0,"4":0,"5":0,"6":0,"7":0,"8":0},"b":{"0":[0,0],"1":[0,0],"2":[0,0],"3":[0,0],"4":[0,0],"5":[0,0],"6":[0,0],"7":[0,0],"8":[0],"9":[0],"10":[0,0],"11":[0],"12":[0],"13":[0],"14":[0],"15":[0],"16":[0,0]},"_coverageSchema":"43e27e138ebf9cfc5966b082cf9a028302ed4184","hash":"ad6c17d3c029151860a923808d0675ba91a35e22"}
,"/home/rsachenko/Projects/Work/DA-14/test_twilio_verification_api/app/shared/sms.service.js": {"path":"/home/rsachenko/Projects/Work/DA-14/test_twilio_verification_api/app/shared/sms.service.js","statementMap":{"0":{"start":{"line":1,"column":22},"end":{"line":1,"column":48}},"1":{"start":{"line":2,"column":22},"end":{"line":2,"column":49}},"2":{"start":{"line":4,"column":0},"end":{"line":39,"column":2}},"3":{"start":{"line":6,"column":4},"end":{"line":6,"column":35}},"4":{"start":{"line":7,"column":4},"end":{"line":7,"column":34}},"5":{"start":{"line":11,"column":4},"end":{"line":11,"column":49}},"6":{"start":{"line":15,"column":4},"end":{"line":15,"column":35}},"7":{"start":{"line":19,"column":4},"end":{"line":21,"column":5}},"8":{"start":{"line":20,"column":6},"end":{"line":20,"column":42}},"9":{"start":{"line":23,"column":4},"end":{"line":25,"column":5}},"10":{"start":{"line":24,"column":6},"end":{"line":24,"column":47}},"11":{"start":{"line":27,"column":4},"end":{"line":29,"column":5}},"12":{"start":{"line":28,"column":6},"end":{"line":28,"column":49}},"13":{"start":{"line":31,"column":22},"end":{"line":35,"column":5}},"14":{"start":{"line":37,"column":4},"end":{"line":37,"column":45}}},"fnMap":{"0":{"name":"(anonymous_0)","decl":{"start":{"line":5,"column":2},"end":{"line":5,"column":3}},"loc":{"start":{"line":5,"column":105},"end":{"line":8,"column":3}},"line":5},"1":{"name":"(anonymous_1)","decl":{"start":{"line":10,"column":2},"end":{"line":10,"column":3}},"loc":{"start":{"line":10,"column":35},"end":{"line":12,"column":3}},"line":10},"2":{"name":"(anonymous_2)","decl":{"start":{"line":14,"column":2},"end":{"line":14,"column":3}},"loc":{"start":{"line":14,"column":21},"end":{"line":16,"column":3}},"line":14},"3":{"name":"(anonymous_3)","decl":{"start":{"line":18,"column":2},"end":{"line":18,"column":3}},"loc":{"start":{"line":18,"column":27},"end":{"line":38,"column":3}},"line":18}},"branchMap":{"0":{"loc":{"start":{"line":5,"column":14},"end":{"line":5,"column":49}},"type":"default-arg","locations":[{"start":{"line":5,"column":30},"end":{"line":5,"column":49}}],"line":5},"1":{"loc":{"start":{"line":5,"column":51},"end":{"line":5,"column":103}},"type":"default-arg","locations":[{"start":{"line":5,"column":64},"end":{"line":5,"column":103}}],"line":5},"2":{"loc":{"start":{"line":11,"column":14},"end":{"line":11,"column":47}},"type":"binary-expr","locations":[{"start":{"line":11,"column":14},"end":{"line":11,"column":25}},{"start":{"line":11,"column":29},"end":{"line":11,"column":47}}],"line":11},"3":{"loc":{"start":{"line":15,"column":14},"end":{"line":15,"column":33}},"type":"binary-expr","locations":[{"start":{"line":15,"column":14},"end":{"line":15,"column":18}},{"start":{"line":15,"column":22},"end":{"line":15,"column":33}}],"line":15},"4":{"loc":{"start":{"line":19,"column":4},"end":{"line":21,"column":5}},"type":"if","locations":[{"start":{"line":19,"column":4},"end":{"line":21,"column":5}},{"start":{"line":19,"column":4},"end":{"line":21,"column":5}}],"line":19},"5":{"loc":{"start":{"line":23,"column":4},"end":{"line":25,"column":5}},"type":"if","locations":[{"start":{"line":23,"column":4},"end":{"line":25,"column":5}},{"start":{"line":23,"column":4},"end":{"line":25,"column":5}}],"line":23},"6":{"loc":{"start":{"line":27,"column":4},"end":{"line":29,"column":5}},"type":"if","locations":[{"start":{"line":27,"column":4},"end":{"line":29,"column":5}},{"start":{"line":27,"column":4},"end":{"line":29,"column":5}}],"line":27}},"s":{"0":3,"1":3,"2":3,"3":3,"4":3,"5":3,"6":3,"7":3,"8":1,"9":2,"10":1,"11":1,"12":0,"13":1,"14":1},"f":{"0":3,"1":3,"2":3,"3":3},"b":{"0":[0],"1":[0],"2":[3,2],"3":[3,2],"4":[1,2],"5":[1,1],"6":[0,1]},"_coverageSchema":"43e27e138ebf9cfc5966b082cf9a028302ed4184","hash":"efdc62abf5c149b1419eaf2f3ba4eaf6cb47c528"}
,"/home/rsachenko/Projects/Work/DA-14/test_twilio_verification_api/app/shared/twilo.service.js": {"path":"/home/rsachenko/Projects/Work/DA-14/test_twilio_verification_api/app/shared/twilo.service.js","statementMap":{"0":{"start":{"line":1,"column":15},"end":{"line":1,"column":32}},"1":{"start":{"line":2,"column":22},"end":{"line":2,"column":49}},"2":{"start":{"line":4,"column":0},"end":{"line":13,"column":2}},"3":{"start":{"line":6,"column":4},"end":{"line":6,"column":26}},"4":{"start":{"line":10,"column":4},"end":{"line":10,"column":59}},"5":{"start":{"line":11,"column":4},"end":{"line":11,"column":16}}},"fnMap":{"0":{"name":"(anonymous_0)","decl":{"start":{"line":5,"column":2},"end":{"line":5,"column":3}},"loc":{"start":{"line":5,"column":122},"end":{"line":7,"column":3}},"line":5},"1":{"name":"(anonymous_1)","decl":{"start":{"line":9,"column":2},"end":{"line":9,"column":3}},"loc":{"start":{"line":9,"column":36},"end":{"line":12,"column":3}},"line":9}},"branchMap":{"0":{"loc":{"start":{"line":5,"column":14},"end":{"line":5,"column":120}},"type":"default-arg","locations":[{"start":{"line":5,"column":23},"end":{"line":5,"column":120}}],"line":5}},"s":{"0":3,"1":3,"2":3,"3":0,"4":0,"5":0},"f":{"0":0,"1":0},"b":{"0":[0]},"_coverageSchema":"43e27e138ebf9cfc5966b082cf9a028302ed4184","hash":"1f78cfa5b2f41271622f889b5b8495f6f0c7e089"}
,"/home/rsachenko/Projects/Work/DA-14/test_twilio_verification_api/app/user/user.repository.js": {"path":"/home/rsachenko/Projects/Work/DA-14/test_twilio_verification_api/app/user/user.repository.js","statementMap":{"0":{"start":{"line":1,"column":23},"end":{"line":1,"column":59}},"1":{"start":{"line":3,"column":0},"end":{"line":7,"column":2}},"2":{"start":{"line":5,"column":4},"end":{"line":5,"column":26}}},"fnMap":{"0":{"name":"(anonymous_0)","decl":{"start":{"line":4,"column":2},"end":{"line":4,"column":3}},"loc":{"start":{"line":4,"column":16},"end":{"line":6,"column":3}},"line":4}},"branchMap":{},"s":{"0":2,"1":2,"2":0},"f":{"0":0},"b":{},"_coverageSchema":"43e27e138ebf9cfc5966b082cf9a028302ed4184","hash":"cd428a5dd0fd87b51cbb69f533e230a8041568f3"}
,"/home/rsachenko/Projects/Work/DA-14/test_twilio_verification_api/app/user/user.service.js": {"path":"/home/rsachenko/Projects/Work/DA-14/test_twilio_verification_api/app/user/user.service.js","statementMap":{"0":{"start":{"line":1,"column":23},"end":{"line":1,"column":51}},"1":{"start":{"line":3,"column":0},"end":{"line":65,"column":2}},"2":{"start":{"line":5,"column":4},"end":{"line":5,"column":34}},"3":{"start":{"line":9,"column":4},"end":{"line":11,"column":5}},"4":{"start":{"line":10,"column":6},"end":{"line":10,"column":47}},"5":{"start":{"line":13,"column":4},"end":{"line":13,"column":44}},"6":{"start":{"line":17,"column":4},"end":{"line":17,"column":53}},"7":{"start":{"line":21,"column":4},"end":{"line":23,"column":5}},"8":{"start":{"line":22,"column":6},"end":{"line":22,"column":50}},"9":{"start":{"line":24,"column":4},"end":{"line":24,"column":45}},"10":{"start":{"line":28,"column":4},"end":{"line":30,"column":5}},"11":{"start":{"line":29,"column":6},"end":{"line":29,"column":50}},"12":{"start":{"line":31,"column":4},"end":{"line":31,"column":59}},"13":{"start":{"line":35,"column":4},"end":{"line":35,"column":39}},"14":{"start":{"line":39,"column":4},"end":{"line":41,"column":5}},"15":{"start":{"line":40,"column":6},"end":{"line":40,"column":50}},"16":{"start":{"line":43,"column":4},"end":{"line":45,"column":5}},"17":{"start":{"line":44,"column":6},"end":{"line":44,"column":60}},"18":{"start":{"line":47,"column":25},"end":{"line":47,"column":113}},"19":{"start":{"line":49,"column":4},"end":{"line":51,"column":5}},"20":{"start":{"line":50,"column":6},"end":{"line":50,"column":18}},"21":{"start":{"line":53,"column":4},"end":{"line":53,"column":43}},"22":{"start":{"line":58,"column":4},"end":{"line":60,"column":5}},"23":{"start":{"line":59,"column":6},"end":{"line":59,"column":50}},"24":{"start":{"line":62,"column":4},"end":{"line":62,"column":92}},"25":{"start":{"line":63,"column":4},"end":{"line":63,"column":16}}},"fnMap":{"0":{"name":"(anonymous_0)","decl":{"start":{"line":4,"column":2},"end":{"line":4,"column":3}},"loc":{"start":{"line":4,"column":49},"end":{"line":6,"column":3}},"line":4},"1":{"name":"(anonymous_1)","decl":{"start":{"line":8,"column":2},"end":{"line":8,"column":3}},"loc":{"start":{"line":8,"column":24},"end":{"line":14,"column":3}},"line":8},"2":{"name":"(anonymous_2)","decl":{"start":{"line":16,"column":2},"end":{"line":16,"column":3}},"loc":{"start":{"line":16,"column":33},"end":{"line":18,"column":3}},"line":16},"3":{"name":"(anonymous_3)","decl":{"start":{"line":20,"column":2},"end":{"line":20,"column":3}},"loc":{"start":{"line":20,"column":19},"end":{"line":25,"column":3}},"line":20},"4":{"name":"(anonymous_4)","decl":{"start":{"line":27,"column":2},"end":{"line":27,"column":3}},"loc":{"start":{"line":27,"column":33},"end":{"line":32,"column":3}},"line":27},"5":{"name":"(anonymous_5)","decl":{"start":{"line":34,"column":2},"end":{"line":34,"column":3}},"loc":{"start":{"line":34,"column":13},"end":{"line":36,"column":3}},"line":34},"6":{"name":"(anonymous_6)","decl":{"start":{"line":38,"column":2},"end":{"line":38,"column":3}},"loc":{"start":{"line":38,"column":42},"end":{"line":54,"column":3}},"line":38},"7":{"name":"(anonymous_7)","decl":{"start":{"line":56,"column":2},"end":{"line":56,"column":3}},"loc":{"start":{"line":56,"column":36},"end":{"line":64,"column":3}},"line":56}},"branchMap":{"0":{"loc":{"start":{"line":4,"column":14},"end":{"line":4,"column":47}},"type":"default-arg","locations":[{"start":{"line":4,"column":27},"end":{"line":4,"column":47}}],"line":4},"1":{"loc":{"start":{"line":9,"column":4},"end":{"line":11,"column":5}},"type":"if","locations":[{"start":{"line":9,"column":4},"end":{"line":11,"column":5}},{"start":{"line":9,"column":4},"end":{"line":11,"column":5}}],"line":9},"2":{"loc":{"start":{"line":21,"column":4},"end":{"line":23,"column":5}},"type":"if","locations":[{"start":{"line":21,"column":4},"end":{"line":23,"column":5}},{"start":{"line":21,"column":4},"end":{"line":23,"column":5}}],"line":21},"3":{"loc":{"start":{"line":28,"column":4},"end":{"line":30,"column":5}},"type":"if","locations":[{"start":{"line":28,"column":4},"end":{"line":30,"column":5}},{"start":{"line":28,"column":4},"end":{"line":30,"column":5}}],"line":28},"4":{"loc":{"start":{"line":39,"column":4},"end":{"line":41,"column":5}},"type":"if","locations":[{"start":{"line":39,"column":4},"end":{"line":41,"column":5}},{"start":{"line":39,"column":4},"end":{"line":41,"column":5}}],"line":39},"5":{"loc":{"start":{"line":43,"column":4},"end":{"line":45,"column":5}},"type":"if","locations":[{"start":{"line":43,"column":4},"end":{"line":45,"column":5}},{"start":{"line":43,"column":4},"end":{"line":45,"column":5}}],"line":43},"6":{"loc":{"start":{"line":49,"column":4},"end":{"line":51,"column":5}},"type":"if","locations":[{"start":{"line":49,"column":4},"end":{"line":51,"column":5}},{"start":{"line":49,"column":4},"end":{"line":51,"column":5}}],"line":49},"7":{"loc":{"start":{"line":58,"column":4},"end":{"line":60,"column":5}},"type":"if","locations":[{"start":{"line":58,"column":4},"end":{"line":60,"column":5}},{"start":{"line":58,"column":4},"end":{"line":60,"column":5}}],"line":58}},"s":{"0":2,"1":2,"2":0,"3":0,"4":0,"5":0,"6":0,"7":0,"8":0,"9":0,"10":0,"11":0,"12":0,"13":0,"14":0,"15":0,"16":0,"17":0,"18":0,"19":0,"20":0,"21":0,"22":0,"23":0,"24":0,"25":0},"f":{"0":0,"1":0,"2":0,"3":0,"4":0,"5":0,"6":0,"7":0},"b":{"0":[0],"1":[0,0],"2":[0,0],"3":[0,0],"4":[0,0],"5":[0,0],"6":[0,0],"7":[0,0]},"_coverageSchema":"43e27e138ebf9cfc5966b082cf9a028302ed4184","hash":"e367d28db2a1012dc6827db9c040b37e5cbd79b3"}
,"/home/rsachenko/Projects/Work/DA-14/test_twilio_verification_api/app/userVerification/userVerification.service.js": {"path":"/home/rsachenko/Projects/Work/DA-14/test_twilio_verification_api/app/userVerification/userVerification.service.js","statementMap":{"0":{"start":{"line":2,"column":19},"end":{"line":2,"column":51}},"1":{"start":{"line":3,"column":20},"end":{"line":3,"column":51}},"2":{"start":{"line":5,"column":0},"end":{"line":69,"column":2}},"3":{"start":{"line":10,"column":4},"end":{"line":10,"column":34}},"4":{"start":{"line":11,"column":4},"end":{"line":11,"column":36}},"5":{"start":{"line":19,"column":4},"end":{"line":19,"column":62}},"6":{"start":{"line":24,"column":4},"end":{"line":26,"column":5}},"7":{"start":{"line":25,"column":6},"end":{"line":25,"column":50}},"8":{"start":{"line":28,"column":22},"end":{"line":28,"column":62}},"9":{"start":{"line":30,"column":4},"end":{"line":33,"column":5}},"10":{"start":{"line":31,"column":6},"end":{"line":31,"column":38}},"11":{"start":{"line":35,"column":17},"end":{"line":35,"column":37}},"12":{"start":{"line":38,"column":4},"end":{"line":38,"column":62}},"13":{"start":{"line":39,"column":4},"end":{"line":42,"column":7}},"14":{"start":{"line":44,"column":4},"end":{"line":44,"column":16}},"15":{"start":{"line":48,"column":4},"end":{"line":50,"column":5}},"16":{"start":{"line":49,"column":6},"end":{"line":49,"column":50}},"17":{"start":{"line":52,"column":4},"end":{"line":54,"column":5}},"18":{"start":{"line":53,"column":6},"end":{"line":53,"column":60}},"19":{"start":{"line":56,"column":22},"end":{"line":56,"column":62}},"20":{"start":{"line":58,"column":4},"end":{"line":60,"column":5}},"21":{"start":{"line":59,"column":6},"end":{"line":59,"column":42}},"22":{"start":{"line":62,"column":4},"end":{"line":65,"column":5}},"23":{"start":{"line":63,"column":6},"end":{"line":63,"column":58}},"24":{"start":{"line":64,"column":6},"end":{"line":64,"column":18}},"25":{"start":{"line":67,"column":4},"end":{"line":67,"column":17}}},"fnMap":{"0":{"name":"(anonymous_0)","decl":{"start":{"line":6,"column":2},"end":{"line":6,"column":3}},"loc":{"start":{"line":9,"column":4},"end":{"line":12,"column":3}},"line":9},"1":{"name":"(anonymous_1)","decl":{"start":{"line":18,"column":2},"end":{"line":18,"column":3}},"loc":{"start":{"line":18,"column":18},"end":{"line":20,"column":3}},"line":18},"2":{"name":"(anonymous_2)","decl":{"start":{"line":22,"column":2},"end":{"line":22,"column":3}},"loc":{"start":{"line":22,"column":25},"end":{"line":45,"column":3}},"line":22},"3":{"name":"(anonymous_3)","decl":{"start":{"line":47,"column":2},"end":{"line":47,"column":3}},"loc":{"start":{"line":47,"column":45},"end":{"line":68,"column":3}},"line":47}},"branchMap":{"0":{"loc":{"start":{"line":7,"column":4},"end":{"line":7,"column":33}},"type":"default-arg","locations":[{"start":{"line":7,"column":17},"end":{"line":7,"column":33}}],"line":7},"1":{"loc":{"start":{"line":8,"column":4},"end":{"line":8,"column":35}},"type":"default-arg","locations":[{"start":{"line":8,"column":18},"end":{"line":8,"column":35}}],"line":8},"2":{"loc":{"start":{"line":24,"column":4},"end":{"line":26,"column":5}},"type":"if","locations":[{"start":{"line":24,"column":4},"end":{"line":26,"column":5}},{"start":{"line":24,"column":4},"end":{"line":26,"column":5}}],"line":24},"3":{"loc":{"start":{"line":30,"column":4},"end":{"line":33,"column":5}},"type":"if","locations":[{"start":{"line":30,"column":4},"end":{"line":33,"column":5}},{"start":{"line":30,"column":4},"end":{"line":33,"column":5}}],"line":30},"4":{"loc":{"start":{"line":48,"column":4},"end":{"line":50,"column":5}},"type":"if","locations":[{"start":{"line":48,"column":4},"end":{"line":50,"column":5}},{"start":{"line":48,"column":4},"end":{"line":50,"column":5}}],"line":48},"5":{"loc":{"start":{"line":52,"column":4},"end":{"line":54,"column":5}},"type":"if","locations":[{"start":{"line":52,"column":4},"end":{"line":54,"column":5}},{"start":{"line":52,"column":4},"end":{"line":54,"column":5}}],"line":52},"6":{"loc":{"start":{"line":58,"column":4},"end":{"line":60,"column":5}},"type":"if","locations":[{"start":{"line":58,"column":4},"end":{"line":60,"column":5}},{"start":{"line":58,"column":4},"end":{"line":60,"column":5}}],"line":58},"7":{"loc":{"start":{"line":62,"column":4},"end":{"line":65,"column":5}},"type":"if","locations":[{"start":{"line":62,"column":4},"end":{"line":65,"column":5}},{"start":{"line":62,"column":4},"end":{"line":65,"column":5}}],"line":62}},"s":{"0":2,"1":2,"2":2,"3":8,"4":8,"5":1,"6":3,"7":1,"8":2,"9":2,"10":1,"11":1,"12":1,"13":1,"14":1,"15":5,"16":1,"17":4,"18":1,"19":3,"20":3,"21":1,"22":2,"23":1,"24":1,"25":1},"f":{"0":8,"1":1,"2":3,"3":5},"b":{"0":[8],"1":[8],"2":[1,2],"3":[1,1],"4":[1,4],"5":[1,3],"6":[1,2],"7":[1,1]},"_coverageSchema":"43e27e138ebf9cfc5966b082cf9a028302ed4184","hash":"8e3c9c63e691d437d2e0d37af9f9fd49dea06239"}
}
