TN:
SF:/home/rsachenko/Projects/Work/DA-14/test_twilio_verification_api/app/shared/config.service.js
FN:12,(anonymous_0)
FNF:1
FNH:0
FNDA:0,(anonymous_0)
DA:1,3
DA:11,3
DA:13,0
DA:14,0
DA:16,0
LF:5
LH:2
BRDA:2,0,0,3
BRDA:2,0,1,3
BRDA:3,1,0,3
BRDA:3,1,1,0
BRDA:4,2,0,0
BRDA:4,2,1,3
BRDA:13,3,0,0
BRDA:13,3,1,0
BRF:8
BRH:4
end_of_record
TN:
SF:/home/rsachenko/Projects/Work/DA-14/test_twilio_verification_api/app/shared/db.service.js
FN:8,(anonymous_0)
FN:19,(anonymous_1)
FN:23,(anonymous_2)
FN:27,(anonymous_3)
FN:31,(anonymous_4)
FN:37,(anonymous_5)
FN:44,(anonymous_6)
FN:48,(anonymous_7)
FNF:8
FNH:0
FNDA:0,(anonymous_0)
FNDA:0,(anonymous_1)
FNDA:0,(anonymous_2)
FNDA:0,(anonymous_3)
FNDA:0,(anonymous_4)
FNDA:0,(anonymous_5)
FNDA:0,(anonymous_6)
FNDA:0,(anonymous_7)
DA:5,2
DA:7,2
DA:9,0
DA:10,0
DA:11,0
DA:12,0
DA:14,0
DA:15,0
DA:20,0
DA:24,0
DA:28,0
DA:32,0
DA:33,0
DA:38,0
DA:39,0
DA:41,0
DA:45,0
DA:49,0
LF:18
LH:2
BRDA:14,0,0,0
BRDA:14,0,1,0
BRDA:14,1,0,0
BRDA:14,1,1,0
BRDA:38,2,0,0
BRDA:38,2,1,0
BRF:6
BRH:0
end_of_record
TN:
SF:/home/rsachenko/Projects/Work/DA-14/test_twilio_verification_api/app/shared/dbModel.service.js
FN:4,(anonymous_0)
FN:19,(anonymous_1)
FN:23,(anonymous_2)
FN:34,(anonymous_3)
FN:38,(anonymous_4)
FN:43,(anonymous_5)
FN:53,(anonymous_6)
FN:67,(anonymous_7)
FN:72,(anonymous_8)
FNF:9
FNH:0
FNDA:0,(anonymous_0)
FNDA:0,(anonymous_1)
FNDA:0,(anonymous_2)
FNDA:0,(anonymous_3)
FNDA:0,(anonymous_4)
FNDA:0,(anonymous_5)
FNDA:0,(anonymous_6)
FNDA:0,(anonymous_7)
FNDA:0,(anonymous_8)
DA:1,2
DA:3,2
DA:5,0
DA:6,0
DA:9,0
DA:10,0
DA:11,0
DA:12,0
DA:20,0
DA:24,0
DA:35,0
DA:39,0
DA:40,0
DA:44,0
DA:45,0
DA:48,0
DA:50,0
DA:55,0
DA:57,0
DA:68,0
DA:69,0
DA:73,0
DA:74,0
DA:77,0
DA:79,0
LF:25
LH:2
BRDA:5,0,0,0
BRDA:5,0,1,0
BRDA:25,1,0,0
BRDA:25,1,1,0
BRDA:26,2,0,0
BRDA:26,2,1,0
BRDA:27,3,0,0
BRDA:27,3,1,0
BRDA:28,4,0,0
BRDA:28,4,1,0
BRDA:28,5,0,0
BRDA:28,5,1,0
BRDA:29,6,0,0
BRDA:29,6,1,0
BRDA:30,7,0,0
BRDA:30,7,1,0
BRDA:38,8,0,0
BRDA:43,9,0,0
BRDA:44,10,0,0
BRDA:44,10,1,0
BRDA:53,11,0,0
BRDA:53,12,0,0
BRDA:53,13,0,0
BRDA:67,14,0,0
BRDA:67,15,0,0
BRDA:73,16,0,0
BRDA:73,16,1,0
BRF:27
BRH:0
end_of_record
TN:
SF:/home/rsachenko/Projects/Work/DA-14/test_twilio_verification_api/app/shared/sms.service.js
FN:5,(anonymous_0)
FN:10,(anonymous_1)
FN:14,(anonymous_2)
FN:18,(anonymous_3)
FNF:4
FNH:4
FNDA:3,(anonymous_0)
FNDA:3,(anonymous_1)
FNDA:3,(anonymous_2)
FNDA:3,(anonymous_3)
DA:1,3
DA:2,3
DA:4,3
DA:6,3
DA:7,3
DA:11,3
DA:15,3
DA:19,3
DA:20,1
DA:23,2
DA:24,1
DA:27,1
DA:28,0
DA:31,1
DA:37,1
LF:15
LH:14
BRDA:5,0,0,0
BRDA:5,1,0,0
BRDA:11,2,0,3
BRDA:11,2,1,2
BRDA:15,3,0,3
BRDA:15,3,1,2
BRDA:19,4,0,1
BRDA:19,4,1,2
BRDA:23,5,0,1
BRDA:23,5,1,1
BRDA:27,6,0,0
BRDA:27,6,1,1
BRF:12
BRH:9
end_of_record
TN:
SF:/home/rsachenko/Projects/Work/DA-14/test_twilio_verification_api/app/shared/twilo.service.js
FN:5,(anonymous_0)
FN:9,(anonymous_1)
FNF:2
FNH:0
FNDA:0,(anonymous_0)
FNDA:0,(anonymous_1)
DA:1,3
DA:2,3
DA:4,3
DA:6,0
DA:10,0
DA:11,0
LF:6
LH:3
BRDA:5,0,0,0
BRF:1
BRH:0
end_of_record
TN:
SF:/home/rsachenko/Projects/Work/DA-14/test_twilio_verification_api/app/user/user.repository.js
FN:4,(anonymous_0)
FNF:1
FNH:0
FNDA:0,(anonymous_0)
DA:1,2
DA:3,2
DA:5,0
LF:3
LH:2
BRF:0
BRH:0
end_of_record
TN:
SF:/home/rsachenko/Projects/Work/DA-14/test_twilio_verification_api/app/user/user.service.js
FN:4,(anonymous_0)
FN:8,(anonymous_1)
FN:16,(anonymous_2)
FN:20,(anonymous_3)
FN:27,(anonymous_4)
FN:34,(anonymous_5)
FN:38,(anonymous_6)
FN:56,(anonymous_7)
FNF:8
FNH:0
FNDA:0,(anonymous_0)
FNDA:0,(anonymous_1)
FNDA:0,(anonymous_2)
FNDA:0,(anonymous_3)
FNDA:0,(anonymous_4)
FNDA:0,(anonymous_5)
FNDA:0,(anonymous_6)
FNDA:0,(anonymous_7)
DA:1,2
DA:3,2
DA:5,0
DA:9,0
DA:10,0
DA:13,0
DA:17,0
DA:21,0
DA:22,0
DA:24,0
DA:28,0
DA:29,0
DA:31,0
DA:35,0
DA:39,0
DA:40,0
DA:43,0
DA:44,0
DA:47,0
DA:49,0
DA:50,0
DA:53,0
DA:58,0
DA:59,0
DA:62,0
DA:63,0
LF:26
LH:2
BRDA:4,0,0,0
BRDA:9,1,0,0
BRDA:9,1,1,0
BRDA:21,2,0,0
BRDA:21,2,1,0
BRDA:28,3,0,0
BRDA:28,3,1,0
BRDA:39,4,0,0
BRDA:39,4,1,0
BRDA:43,5,0,0
BRDA:43,5,1,0
BRDA:49,6,0,0
BRDA:49,6,1,0
BRDA:58,7,0,0
BRDA:58,7,1,0
BRF:15
BRH:0
end_of_record
TN:
SF:/home/rsachenko/Projects/Work/DA-14/test_twilio_verification_api/app/userVerification/userVerification.service.js
FN:6,(anonymous_0)
FN:18,(anonymous_1)
FN:22,(anonymous_2)
FN:47,(anonymous_3)
FNF:4
FNH:4
FNDA:8,(anonymous_0)
FNDA:1,(anonymous_1)
FNDA:3,(anonymous_2)
FNDA:5,(anonymous_3)
DA:2,2
DA:3,2
DA:5,2
DA:10,8
DA:11,8
DA:19,1
DA:24,3
DA:25,1
DA:28,2
DA:30,2
DA:31,1
DA:35,1
DA:38,1
DA:39,1
DA:44,1
DA:48,5
DA:49,1
DA:52,4
DA:53,1
DA:56,3
DA:58,3
DA:59,1
DA:62,2
DA:63,1
DA:64,1
DA:67,1
LF:26
LH:26
BRDA:7,0,0,8
BRDA:8,1,0,8
BRDA:24,2,0,1
BRDA:24,2,1,2
BRDA:30,3,0,1
BRDA:30,3,1,1
BRDA:48,4,0,1
BRDA:48,4,1,4
BRDA:52,5,0,1
BRDA:52,5,1,3
BRDA:58,6,0,1
BRDA:58,6,1,2
BRDA:62,7,0,1
BRDA:62,7,1,1
BRF:14
BRH:14
end_of_record
